<?xml version="1.0" encoding="UTF-8"?>
<!-- Generated by org.testng.reporters.JUnitXMLReporter -->
<testsuite hostname="DESKTOP-VTNKSB1" ignored="0" name="Surefire test" tests="7" failures="1" timestamp="21 Sep 2022 12:33:16 GMT" time="90.569" errors="0">
  <testcase name="loginErrorValidation" time="1.975" classname="apoorvrastogitraining.tests.ErrorValidationTest">
    <skipped/>
  </testcase> <!-- loginErrorValidation -->
  <testcase name="loginErrorValidation" time="1.768" classname="apoorvrastogitraining.tests.ErrorValidationTest">
    <failure type="java.lang.AssertionError" message="expected [Incorrect email or password.] but found [Incorrect email password.]">
      <![CDATA[java.lang.AssertionError: expected [Incorrect email or password.] but found [Incorrect email password.]
at apoorvrastogitraining.tests.ErrorValidationTest.loginErrorValidation(ErrorValidationTest.java:20)
... Removed 36 stack frames]]>
    </failure>
  </testcase> <!-- loginErrorValidation -->
  <testcase name="productErrorValidation" time="4.815" classname="apoorvrastogitraining.tests.ErrorValidationTest"/>
  <testcase name="submitOrder" time="7.1" classname="apoorvrastogitraining.tests.SubmitOrderTest"/>
  <testcase name="submitOrder" time="7.352" classname="apoorvrastogitraining.tests.SubmitOrderTest"/>
  <testcase name="orderHistoryTest" time="2.578" classname="apoorvrastogitraining.tests.SubmitOrderTest"/>
  <testcase name="orderHistoryTest" time="2.419" classname="apoorvrastogitraining.tests.SubmitOrderTest"/>
</testsuite> <!-- Surefire test -->
